<?xml version="1.0" encoding="UTF-8"?>
<!-- Generated by org.testng.reporters.JUnitReportReporter -->
<testsuite hostname="DESKTOP-UO4710K" failures="0" tests="3" name="TestClasses.TectClass1" time="0.004" errors="0" timestamp="2022-09-29T12:06:05 GMT-07:00" skipped="0">
  <testcase classname="TestClasses.TectClass1" name="TC01" time="0.001"/>
  <system-out/>
  <testcase classname="TestClasses.TectClass1" name="TC02" time="0.001"/>
  <system-out/>
  <testcase classname="TestClasses.TectClass1" name="TC03" time="0.002"/>
  <system-out/>
</testsuite> <!-- TestClasses.TectClass1 -->
