<?xml version="1.0" encoding="UTF-8"?>
<!-- Generated by org.testng.reporters.JUnitReportReporter -->
<testsuite hostname="DESKTOP-UO4710K" failures="0" tests="1" name="TestClasses.TestClass2" time="0.001" errors="0" timestamp="2022-10-04T16:20:18 GMT-07:00" skipped="0">
  <testcase classname="TestClasses.TestClass2" name="TC01" time="0.001"/>
  <system-out/>
</testsuite> <!-- TestClasses.TestClass2 -->
